[31-Aug-2019 02:08:29 UTC] PHP Deprecated:  mysql_connect(): The mysql extension is deprecated and will be removed in the future: use mysqli or PDO instead in C:\phpStudy\PHPTutorial\WWW\untitled\liuyanban\conn.php on line 2
[31-Aug-2019 02:08:29 UTC] PHP Stack trace:
[31-Aug-2019 02:08:29 UTC] PHP   1. {main}() C:\phpStudy\PHPTutorial\WWW\untitled\liuyanban\add.php:0
[31-Aug-2019 02:08:29 UTC] PHP   2. include() C:\phpStudy\PHPTutorial\WWW\untitled\liuyanban\add.php:3
[31-Aug-2019 02:08:29 UTC] PHP   3. mysql_connect(*uninitialized*, *uninitialized*, *uninitialized*) C:\phpStudy\PHPTutorial\WWW\untitled\liuyanban\conn.php:2
[31-Aug-2019 02:08:29 UTC] PHP Notice:  Undefined index: id in C:\phpStudy\PHPTutorial\WWW\untitled\liuyanban\add.php on line 4
[31-Aug-2019 02:08:29 UTC] PHP Stack trace:
[31-Aug-2019 02:08:29 UTC] PHP   1. {main}() C:\phpStudy\PHPTutorial\WWW\untitled\liuyanban\add.php:0
[31-Aug-2019 02:08:37 UTC] PHP Deprecated:  mysql_connect(): The mysql extension is deprecated and will be removed in the future: use mysqli or PDO instead in C:\phpStudy\PHPTutorial\WWW\untitled\liuyanban\conn.php on line 2
[31-Aug-2019 02:08:37 UTC] PHP Stack trace:
[31-Aug-2019 02:08:37 UTC] PHP   1. {main}() C:\phpStudy\PHPTutorial\WWW\untitled\liuyanban\list.php:0
[31-Aug-2019 02:08:37 UTC] PHP   2. include() C:\phpStudy\PHPTutorial\WWW\untitled\liuyanban\list.php:5
[31-Aug-2019 02:08:37 UTC] PHP   3. mysql_connect(*uninitialized*, *uninitialized*, *uninitialized*) C:\phpStudy\PHPTutorial\WWW\untitled\liuyanban\conn.php:2
[31-Aug-2019 02:10:25 UTC] PHP Deprecated:  mysql_connect(): The mysql extension is deprecated and will be removed in the future: use mysqli or PDO instead in C:\phpStudy\PHPTutorial\WWW\untitled\liuyanban\conn.php on line 2
[31-Aug-2019 02:10:25 UTC] PHP Stack trace:
[31-Aug-2019 02:10:25 UTC] PHP   1. {main}() C:\phpStudy\PHPTutorial\WWW\untitled\liuyanban\add.php:0
[31-Aug-2019 02:10:25 UTC] PHP   2. include() C:\phpStudy\PHPTutorial\WWW\untitled\liuyanban\add.php:3
[31-Aug-2019 02:10:25 UTC] PHP   3. mysql_connect(*uninitialized*, *uninitialized*, *uninitialized*) C:\phpStudy\PHPTutorial\WWW\untitled\liuyanban\conn.php:2
[31-Aug-2019 02:10:25 UTC] PHP Notice:  Undefined index: id in C:\phpStudy\PHPTutorial\WWW\untitled\liuyanban\add.php on line 4
[31-Aug-2019 02:10:25 UTC] PHP Stack trace:
[31-Aug-2019 02:10:25 UTC] PHP   1. {main}() C:\phpStudy\PHPTutorial\WWW\untitled\liuyanban\add.php:0
[31-Aug-2019 02:10:35 UTC] PHP Deprecated:  mysql_connect(): The mysql extension is deprecated and will be removed in the future: use mysqli or PDO instead in C:\phpStudy\PHPTutorial\WWW\untitled\liuyanban\conn.php on line 2
[31-Aug-2019 02:10:35 UTC] PHP Stack trace:
[31-Aug-2019 02:10:35 UTC] PHP   1. {main}() C:\phpStudy\PHPTutorial\WWW\untitled\liuyanban\list.php:0
[31-Aug-2019 02:10:35 UTC] PHP   2. include() C:\phpStudy\PHPTutorial\WWW\untitled\liuyanban\list.php:5
[31-Aug-2019 02:10:35 UTC] PHP   3. mysql_connect(*uninitialized*, *uninitialized*, *uninitialized*) C:\phpStudy\PHPTutorial\WWW\untitled\liuyanban\conn.php:2
[31-Aug-2019 02:11:37 UTC] PHP Deprecated:  mysql_connect(): The mysql extension is deprecated and will be removed in the future: use mysqli or PDO instead in C:\phpStudy\PHPTutorial\WWW\untitled\liuyanban\conn.php on line 2
[31-Aug-2019 02:11:37 UTC] PHP Stack trace:
[31-Aug-2019 02:11:37 UTC] PHP   1. {main}() C:\phpStudy\PHPTutorial\WWW\untitled\liuyanban\list.php:0
[31-Aug-2019 02:11:37 UTC] PHP   2. include() C:\phpStudy\PHPTutorial\WWW\untitled\liuyanban\list.php:5
[31-Aug-2019 02:11:37 UTC] PHP   3. mysql_connect(*uninitialized*, *uninitialized*, *uninitialized*) C:\phpStudy\PHPTutorial\WWW\untitled\liuyanban\conn.php:2
[31-Aug-2019 02:11:55 UTC] PHP Warning:  mysqli_select_db() expects parameter 1 to be mysqli, string given in C:\phpStudy\PHPTutorial\WWW\untitled\liuyanban\conn.php on line 3
[31-Aug-2019 02:11:55 UTC] PHP Stack trace:
[31-Aug-2019 02:11:55 UTC] PHP   1. {main}() C:\phpStudy\PHPTutorial\WWW\untitled\liuyanban\list.php:0
[31-Aug-2019 02:11:55 UTC] PHP   2. include() C:\phpStudy\PHPTutorial\WWW\untitled\liuyanban\list.php:5
[31-Aug-2019 02:11:55 UTC] PHP   3. mysqli_select_db(*uninitialized*, *uninitialized*) C:\phpStudy\PHPTutorial\WWW\untitled\liuyanban\conn.php:3
[31-Aug-2019 02:11:55 UTC] PHP Warning:  mysqli_query() expects at least 2 parameters, 1 given in C:\phpStudy\PHPTutorial\WWW\untitled\liuyanban\conn.php on line 4
[31-Aug-2019 02:11:55 UTC] PHP Stack trace:
[31-Aug-2019 02:11:55 UTC] PHP   1. {main}() C:\phpStudy\PHPTutorial\WWW\untitled\liuyanban\list.php:0
[31-Aug-2019 02:11:55 UTC] PHP   2. include() C:\phpStudy\PHPTutorial\WWW\untitled\liuyanban\list.php:5
[31-Aug-2019 02:11:55 UTC] PHP   3. mysqli_query(*uninitialized*) C:\phpStudy\PHPTutorial\WWW\untitled\liuyanban\conn.php:4
[31-Aug-2019 02:11:55 UTC] PHP Deprecated:  mysql_query(): The mysql extension is deprecated and will be removed in the future: use mysqli or PDO instead in C:\phpStudy\PHPTutorial\WWW\untitled\liuyanban\list.php on line 14
[31-Aug-2019 02:11:55 UTC] PHP Stack trace:
[31-Aug-2019 02:11:55 UTC] PHP   1. {main}() C:\phpStudy\PHPTutorial\WWW\untitled\liuyanban\list.php:0
[31-Aug-2019 02:11:55 UTC] PHP   2. mysql_query(*uninitialized*) C:\phpStudy\PHPTutorial\WWW\untitled\liuyanban\list.php:14
[31-Aug-2019 02:11:55 UTC] PHP Warning:  mysql_fetch_array() expects parameter 1 to be resource, boolean given in C:\phpStudy\PHPTutorial\WWW\untitled\liuyanban\list.php on line 15
[31-Aug-2019 02:11:55 UTC] PHP Stack trace:
[31-Aug-2019 02:11:55 UTC] PHP   1. {main}() C:\phpStudy\PHPTutorial\WWW\untitled\liuyanban\list.php:0
[31-Aug-2019 02:11:55 UTC] PHP   2. mysql_fetch_array(*uninitialized*) C:\phpStudy\PHPTutorial\WWW\untitled\liuyanban\list.php:15
[31-Aug-2019 02:12:51 UTC] PHP Fatal error:  Class 'mysqli_connect' not found in C:\phpStudy\PHPTutorial\WWW\untitled\liuyanban\conn.php on line 2
[31-Aug-2019 02:12:51 UTC] PHP Stack trace:
[31-Aug-2019 02:12:51 UTC] PHP   1. {main}() C:\phpStudy\PHPTutorial\WWW\untitled\liuyanban\list.php:0
[31-Aug-2019 02:12:51 UTC] PHP   2. include() C:\phpStudy\PHPTutorial\WWW\untitled\liuyanban\list.php:5
[31-Aug-2019 02:14:07 UTC] PHP Fatal error:  Class 'mysqli_connect' not found in C:\phpStudy\PHPTutorial\WWW\untitled\liuyanban\conn.php on line 2
[31-Aug-2019 02:14:07 UTC] PHP Stack trace:
[31-Aug-2019 02:14:07 UTC] PHP   1. {main}() C:\phpStudy\PHPTutorial\WWW\untitled\liuyanban\list.php:0
[31-Aug-2019 02:14:07 UTC] PHP   2. include() C:\phpStudy\PHPTutorial\WWW\untitled\liuyanban\list.php:5
[31-Aug-2019 02:14:08 UTC] PHP Fatal error:  Class 'mysqli_connect' not found in C:\phpStudy\PHPTutorial\WWW\untitled\liuyanban\conn.php on line 2
[31-Aug-2019 02:14:08 UTC] PHP Stack trace:
[31-Aug-2019 02:14:08 UTC] PHP   1. {main}() C:\phpStudy\PHPTutorial\WWW\untitled\liuyanban\list.php:0
[31-Aug-2019 02:14:08 UTC] PHP   2. include() C:\phpStudy\PHPTutorial\WWW\untitled\liuyanban\list.php:5
[31-Aug-2019 02:14:15 UTC] PHP Warning:  mysqli_query() expects at least 2 parameters, 1 given in C:\phpStudy\PHPTutorial\WWW\untitled\liuyanban\conn.php on line 3
[31-Aug-2019 02:14:15 UTC] PHP Stack trace:
[31-Aug-2019 02:14:15 UTC] PHP   1. {main}() C:\phpStudy\PHPTutorial\WWW\untitled\liuyanban\list.php:0
[31-Aug-2019 02:14:15 UTC] PHP   2. include() C:\phpStudy\PHPTutorial\WWW\untitled\liuyanban\list.php:5
[31-Aug-2019 02:14:15 UTC] PHP   3. mysqli_query(*uninitialized*) C:\phpStudy\PHPTutorial\WWW\untitled\liuyanban\conn.php:3
[31-Aug-2019 02:14:15 UTC] PHP Deprecated:  mysql_query(): The mysql extension is deprecated and will be removed in the future: use mysqli or PDO instead in C:\phpStudy\PHPTutorial\WWW\untitled\liuyanban\list.php on line 14
[31-Aug-2019 02:14:15 UTC] PHP Stack trace:
[31-Aug-2019 02:14:15 UTC] PHP   1. {main}() C:\phpStudy\PHPTutorial\WWW\untitled\liuyanban\list.php:0
[31-Aug-2019 02:14:15 UTC] PHP   2. mysql_query(*uninitialized*) C:\phpStudy\PHPTutorial\WWW\untitled\liuyanban\list.php:14
[31-Aug-2019 02:14:15 UTC] PHP Warning:  mysql_fetch_array() expects parameter 1 to be resource, boolean given in C:\phpStudy\PHPTutorial\WWW\untitled\liuyanban\list.php on line 15
[31-Aug-2019 02:14:15 UTC] PHP Stack trace:
[31-Aug-2019 02:14:15 UTC] PHP   1. {main}() C:\phpStudy\PHPTutorial\WWW\untitled\liuyanban\list.php:0
[31-Aug-2019 02:14:15 UTC] PHP   2. mysql_fetch_array(*uninitialized*) C:\phpStudy\PHPTutorial\WWW\untitled\liuyanban\list.php:15
[31-Aug-2019 02:20:17 UTC] PHP Warning:  mysqli_query() expects at least 2 parameters, 1 given in C:\phpStudy\PHPTutorial\WWW\untitled\liuyanban\conn.php on line 3
[31-Aug-2019 02:20:17 UTC] PHP Stack trace:
[31-Aug-2019 02:20:17 UTC] PHP   1. {main}() C:\phpStudy\PHPTutorial\WWW\untitled\liuyanban\list.php:0
[31-Aug-2019 02:20:17 UTC] PHP   2. include() C:\phpStudy\PHPTutorial\WWW\untitled\liuyanban\list.php:5
[31-Aug-2019 02:20:17 UTC] PHP   3. mysqli_query(*uninitialized*) C:\phpStudy\PHPTutorial\WWW\untitled\liuyanban\conn.php:3
[31-Aug-2019 02:20:17 UTC] PHP Deprecated:  mysql_query(): The mysql extension is deprecated and will be removed in the future: use mysqli or PDO instead in C:\phpStudy\PHPTutorial\WWW\untitled\liuyanban\list.php on line 14
[31-Aug-2019 02:20:17 UTC] PHP Stack trace:
[31-Aug-2019 02:20:17 UTC] PHP   1. {main}() C:\phpStudy\PHPTutorial\WWW\untitled\liuyanban\list.php:0
[31-Aug-2019 02:20:17 UTC] PHP   2. mysql_query(*uninitialized*) C:\phpStudy\PHPTutorial\WWW\untitled\liuyanban\list.php:14
[31-Aug-2019 02:20:17 UTC] PHP Warning:  mysql_fetch_array() expects parameter 1 to be resource, boolean given in C:\phpStudy\PHPTutorial\WWW\untitled\liuyanban\list.php on line 15
[31-Aug-2019 02:20:17 UTC] PHP Stack trace:
[31-Aug-2019 02:20:17 UTC] PHP   1. {main}() C:\phpStudy\PHPTutorial\WWW\untitled\liuyanban\list.php:0
[31-Aug-2019 02:20:17 UTC] PHP   2. mysql_fetch_array(*uninitialized*) C:\phpStudy\PHPTutorial\WWW\untitled\liuyanban\list.php:15
[31-Aug-2019 02:20:42 UTC] PHP Deprecated:  mysql_query(): The mysql extension is deprecated and will be removed in the future: use mysqli or PDO instead in C:\phpStudy\PHPTutorial\WWW\untitled\liuyanban\list.php on line 14
[31-Aug-2019 02:20:42 UTC] PHP Stack trace:
[31-Aug-2019 02:20:42 UTC] PHP   1. {main}() C:\phpStudy\PHPTutorial\WWW\untitled\liuyanban\list.php:0
[31-Aug-2019 02:20:42 UTC] PHP   2. mysql_query(*uninitialized*) C:\phpStudy\PHPTutorial\WWW\untitled\liuyanban\list.php:14
[31-Aug-2019 02:20:42 UTC] PHP Warning:  mysql_fetch_array() expects parameter 1 to be resource, boolean given in C:\phpStudy\PHPTutorial\WWW\untitled\liuyanban\list.php on line 15
[31-Aug-2019 02:20:42 UTC] PHP Stack trace:
[31-Aug-2019 02:20:42 UTC] PHP   1. {main}() C:\phpStudy\PHPTutorial\WWW\untitled\liuyanban\list.php:0
[31-Aug-2019 02:20:42 UTC] PHP   2. mysql_fetch_array(*uninitialized*) C:\phpStudy\PHPTutorial\WWW\untitled\liuyanban\list.php:15
[31-Aug-2019 02:21:19 UTC] PHP Warning:  mysqli_query() expects at least 2 parameters, 1 given in C:\phpStudy\PHPTutorial\WWW\untitled\liuyanban\list.php on line 14
[31-Aug-2019 02:21:19 UTC] PHP Stack trace:
[31-Aug-2019 02:21:19 UTC] PHP   1. {main}() C:\phpStudy\PHPTutorial\WWW\untitled\liuyanban\list.php:0
[31-Aug-2019 02:21:19 UTC] PHP   2. mysqli_query(*uninitialized*) C:\phpStudy\PHPTutorial\WWW\untitled\liuyanban\list.php:14
[31-Aug-2019 02:21:19 UTC] PHP Warning:  mysql_fetch_array() expects parameter 1 to be resource, null given in C:\phpStudy\PHPTutorial\WWW\untitled\liuyanban\list.php on line 15
[31-Aug-2019 02:21:19 UTC] PHP Stack trace:
[31-Aug-2019 02:21:19 UTC] PHP   1. {main}() C:\phpStudy\PHPTutorial\WWW\untitled\liuyanban\list.php:0
[31-Aug-2019 02:21:19 UTC] PHP   2. mysql_fetch_array(*uninitialized*) C:\phpStudy\PHPTutorial\WWW\untitled\liuyanban\list.php:15
[31-Aug-2019 02:22:54 UTC] PHP Fatal error:  Call to a member function fetch_assoc() on boolean in C:\phpStudy\PHPTutorial\WWW\untitled\liuyanban\list.php on line 15
[31-Aug-2019 02:22:54 UTC] PHP Stack trace:
[31-Aug-2019 02:22:54 UTC] PHP   1. {main}() C:\phpStudy\PHPTutorial\WWW\untitled\liuyanban\list.php:0
[31-Aug-2019 02:36:32 UTC] PHP Notice:  Undefined index: id in C:\phpStudy\PHPTutorial\WWW\untitled\liuyanban\add.php on line 4
[31-Aug-2019 02:36:32 UTC] PHP Stack trace:
[31-Aug-2019 02:36:32 UTC] PHP   1. {main}() C:\phpStudy\PHPTutorial\WWW\untitled\liuyanban\add.php:0
[31-Aug-2019 02:36:32 UTC] PHP Warning:  mysqli_query() expects at least 2 parameters, 1 given in C:\phpStudy\PHPTutorial\WWW\untitled\liuyanban\add.php on line 10
[31-Aug-2019 02:36:32 UTC] PHP Stack trace:
[31-Aug-2019 02:36:32 UTC] PHP   1. {main}() C:\phpStudy\PHPTutorial\WWW\untitled\liuyanban\add.php:0
[31-Aug-2019 02:36:32 UTC] PHP   2. mysqli_query(*uninitialized*) C:\phpStudy\PHPTutorial\WWW\untitled\liuyanban\add.php:10
[31-Aug-2019 02:37:14 UTC] PHP Fatal error:  Call to a member function fetch_assoc() on boolean in C:\phpStudy\PHPTutorial\WWW\untitled\liuyanban\list.php on line 15
[31-Aug-2019 02:37:14 UTC] PHP Stack trace:
[31-Aug-2019 02:37:14 UTC] PHP   1. {main}() C:\phpStudy\PHPTutorial\WWW\untitled\liuyanban\list.php:0
